This file contains any messages produced by compilers while
running configure, to aid debugging if configure makes a mistake.

It was created by lcms2 configure 2.12, which was
generated by GNU Autoconf 2.69.  Invocation command line was

  $ /mnt/c/Users/user/Documents/DIP_Python_Project/cavif/external/libavif-container/external/Little-CMS/configure --prefix=/mnt/c/Users/user/Documents/DIP_Python_Project/cavif/build --enable-static --disable-shared --without-zlib --without-jpeg --without-tiff

## --------- ##
## Platform. ##
## --------- ##

hostname = LAPTOP-1E96BSBL
uname -m = x86_64
uname -r = 4.4.0-19041-Microsoft
uname -s = Linux
uname -v = #488-Microsoft Mon Sep 01 13:43:00 PST 2020

/usr/bin/uname -p = unknown
/bin/uname -X     = unknown

/bin/arch              = unknown
/usr/bin/arch -k       = unknown
/usr/convex/getsysinfo = unknown
/usr/bin/hostinfo      = unknown
/bin/machine           = unknown
/usr/bin/oslevel       = unknown
/bin/universe          = unknown

PATH: /home/uriga/bin
PATH: /home/uriga/.local/bin
PATH: /home/uriga/miniconda3/bin
PATH: /home/uriga/miniconda3/condabin
PATH: /usr/local/sbin
PATH: /usr/local/bin
PATH: /usr/sbin
PATH: /usr/bin
PATH: /sbin
PATH: /bin
PATH: /usr/games
PATH: /usr/local/games
PATH: /mnt/c/Users/user/DOCUME~1/MobaXterm/slash/bin
PATH: /mnt/c/WINDOWS
PATH: /mnt/c/WINDOWS/system32
PATH: /snap/bin


## ----------- ##
## Core tests. ##
## ----------- ##

configure:2436: checking build system type
configure:2450: result: x86_64-unknown-linux-gnu
configure:2470: checking host system type
configure:2483: result: x86_64-unknown-linux-gnu
configure:2520: checking for a BSD-compatible install
configure:2588: result: /usr/bin/install -c
configure:2599: checking whether build environment is sane
configure:2654: result: yes
configure:2805: checking for a thread-safe mkdir -p
configure:2844: result: /bin/mkdir -p
configure:2851: checking for gawk
configure:2867: found /usr/bin/gawk
configure:2878: result: gawk
configure:2889: checking whether make sets $(MAKE)
configure:2911: result: yes
configure:2940: checking whether make supports nested variables
configure:2957: result: yes
configure:3037: checking whether UID '1000' is supported by ustar format
configure:3040: result: yes
configure:3047: checking whether GID '1000' is supported by ustar format
configure:3050: result: yes
configure:3058: checking how to create a ustar tar archive
configure:3069: tar --version
tar (GNU tar) 1.28
Copyright (C) 2014 Free Software Foundation, Inc.
License GPLv3+: GNU GPL version 3 or later <http://gnu.org/licenses/gpl.html>.
This is free software: you are free to change and redistribute it.
There is NO WARRANTY, to the extent permitted by law.

Written by John Gilmore and Jay Fenlason.
configure:3072: $? = 0
configure:3112: tardir=conftest.dir && eval tar --format=ustar -chf - "$tardir" >conftest.tar
configure:3115: $? = 0
configure:3119: tar -xf - <conftest.tar
configure:3122: $? = 0
configure:3124: cat conftest.dir/file
GrepMe
configure:3127: $? = 0
configure:3140: result: gnutar
configure:3197: checking whether make supports the include directive
configure:3212: make -f confmf.GNU && cat confinc.out
make[4]: Entering directory '/mnt/c/Users/user/Documents/DIP_Python_Project/cavif/build/src/lcms_repo-build'
make[4]: Leaving directory '/mnt/c/Users/user/Documents/DIP_Python_Project/cavif/build/src/lcms_repo-build'
this is the am__doit target
configure:3215: $? = 0
configure:3234: result: yes (GNU style)
configure:3304: checking for gcc
configure:3320: found /usr/bin/gcc
configure:3331: result: gcc
configure:3560: checking for C compiler version
configure:3569: gcc --version >&5
gcc (Ubuntu 5.5.0-12ubuntu1~16.04) 5.5.0 20171010
Copyright (C) 2015 Free Software Foundation, Inc.
This is free software; see the source for copying conditions.  There is NO
warranty; not even for MERCHANTABILITY or FITNESS FOR A PARTICULAR PURPOSE.

configure:3580: $? = 0
configure:3569: gcc -v >&5
Using built-in specs.
COLLECT_GCC=gcc
COLLECT_LTO_WRAPPER=/usr/lib/gcc/x86_64-linux-gnu/5/lto-wrapper
Target: x86_64-linux-gnu
Configured with: ../src/configure -v --with-pkgversion='Ubuntu 5.5.0-12ubuntu1~16.04' --with-bugurl=file:///usr/share/doc/gcc-5/README.Bugs --enable-languages=c,ada,c++,java,go,d,fortran,objc,obj-c++ --prefix=/usr --program-suffix=-5 --enable-shared --enable-linker-build-id --libexecdir=/usr/lib --without-included-gettext --enable-threads=posix --libdir=/usr/lib --enable-nls --with-sysroot=/ --enable-clocale=gnu --enable-libstdcxx-debug --enable-libstdcxx-time=yes --with-default-libstdcxx-abi=new --enable-gnu-unique-object --disable-vtable-verify --enable-libmpx --enable-plugin --with-system-zlib --disable-browser-plugin --enable-java-awt=gtk --enable-gtk-cairo --with-java-home=/usr/lib/jvm/java-1.5.0-gcj-5-amd64/jre --enable-java-home --with-jvm-root-dir=/usr/lib/jvm/java-1.5.0-gcj-5-amd64 --with-jvm-jar-dir=/usr/lib/jvm-exports/java-1.5.0-gcj-5-amd64 --with-arch-directory=amd64 --with-ecj-jar=/usr/share/java/eclipse-ecj.jar --enable-objc-gc --enable-multiarch --disable-werror --with-arch-32=i686 --with-abi=m64 --with-multilib-list=m32,m64,mx32 --enable-multilib --with-tune=generic --enable-checking=release --build=x86_64-linux-gnu --host=x86_64-linux-gnu --target=x86_64-linux-gnu
Thread model: posix
gcc version 5.5.0 20171010 (Ubuntu 5.5.0-12ubuntu1~16.04) 
configure:3580: $? = 0
configure:3569: gcc -V >&5
gcc: error: unrecognized command line option '-V'
gcc: fatal error: no input files
compilation terminated.
configure:3580: $? = 1
configure:3569: gcc -qversion >&5
gcc: error: unrecognized command line option '-qversion'
gcc: fatal error: no input files
compilation terminated.
configure:3580: $? = 1
configure:3600: checking whether the C compiler works
configure:3622: gcc -g3 -O0 -fno-omit-frame-pointer   conftest.c  >&5
configure:3626: $? = 0
configure:3674: result: yes
configure:3677: checking for C compiler default output file name
configure:3679: result: a.out
configure:3685: checking for suffix of executables
configure:3692: gcc -o conftest -g3 -O0 -fno-omit-frame-pointer   conftest.c  >&5
configure:3696: $? = 0
configure:3718: result: 
configure:3740: checking whether we are cross compiling
configure:3748: gcc -o conftest -g3 -O0 -fno-omit-frame-pointer   conftest.c  >&5
configure:3752: $? = 0
configure:3759: ./conftest
configure:3763: $? = 0
configure:3778: result: no
configure:3783: checking for suffix of object files
configure:3805: gcc -c -g3 -O0 -fno-omit-frame-pointer  conftest.c >&5
configure:3809: $? = 0
configure:3830: result: o
configure:3834: checking whether we are using the GNU C compiler
configure:3853: gcc -c -g3 -O0 -fno-omit-frame-pointer  conftest.c >&5
configure:3853: $? = 0
configure:3862: result: yes
configure:3871: checking whether gcc accepts -g
configure:3891: gcc -c -g  conftest.c >&5
configure:3891: $? = 0
configure:3932: result: yes
configure:3949: checking for gcc option to accept ISO C89
configure:4012: gcc  -c -g3 -O0 -fno-omit-frame-pointer  conftest.c >&5
configure:4012: $? = 0
configure:4025: result: none needed
configure:4050: checking whether gcc understands -c and -o together
configure:4072: gcc -c conftest.c -o conftest2.o
configure:4075: $? = 0
configure:4072: gcc -c conftest.c -o conftest2.o
configure:4075: $? = 0
configure:4087: result: yes
configure:4106: checking dependency style of gcc
configure:4217: result: gcc3
configure:4236: checking for gcc option to accept ISO C99
configure:4385: gcc  -c -g3 -O0 -fno-omit-frame-pointer  conftest.c >&5
configure:4385: $? = 0
configure:4398: result: none needed
configure:4506: checking for gcc option to accept ISO Standard C
configure:4517: result: none needed
configure:4529: checking how to run the C preprocessor
configure:4560: gcc -E  conftest.c
configure:4560: $? = 0
configure:4574: gcc -E  conftest.c
conftest.c:9:28: fatal error: ac_nonexistent.h: No such file or directory
compilation terminated.
configure:4574: $? = 1
configure: failed program was:
| /* confdefs.h */
| #define PACKAGE_NAME "lcms2"
| #define PACKAGE_TARNAME "lcms2"
| #define PACKAGE_VERSION "2.12"
| #define PACKAGE_STRING "lcms2 2.12"
| #define PACKAGE_BUGREPORT ""
| #define PACKAGE_URL ""
| /* end confdefs.h.  */
| #include <ac_nonexistent.h>
configure:4599: result: gcc -E
configure:4619: gcc -E  conftest.c
configure:4619: $? = 0
configure:4633: gcc -E  conftest.c
conftest.c:9:28: fatal error: ac_nonexistent.h: No such file or directory
compilation terminated.
configure:4633: $? = 1
configure: failed program was:
| /* confdefs.h */
| #define PACKAGE_NAME "lcms2"
| #define PACKAGE_TARNAME "lcms2"
| #define PACKAGE_VERSION "2.12"
| #define PACKAGE_STRING "lcms2 2.12"
| #define PACKAGE_BUGREPORT ""
| #define PACKAGE_URL ""
| /* end confdefs.h.  */
| #include <ac_nonexistent.h>
configure:4773: checking for C++ compiler version
configure:4782: /usr/bin/g++-7 --version >&5
g++-7 (Ubuntu 7.5.0-3ubuntu1~16.04) 7.5.0
Copyright (C) 2017 Free Software Foundation, Inc.
This is free software; see the source for copying conditions.  There is NO
warranty; not even for MERCHANTABILITY or FITNESS FOR A PARTICULAR PURPOSE.

configure:4793: $? = 0
configure:4782: /usr/bin/g++-7 -v >&5
Using built-in specs.
COLLECT_GCC=/usr/bin/g++-7
COLLECT_LTO_WRAPPER=/usr/lib/gcc/x86_64-linux-gnu/7/lto-wrapper
OFFLOAD_TARGET_NAMES=nvptx-none
OFFLOAD_TARGET_DEFAULT=1
Target: x86_64-linux-gnu
Configured with: ../src/configure -v --with-pkgversion='Ubuntu 7.5.0-3ubuntu1~16.04' --with-bugurl=file:///usr/share/doc/gcc-7/README.Bugs --enable-languages=c,ada,c++,go,brig,d,fortran,objc,obj-c++ --prefix=/usr --with-gcc-major-version-only --program-suffix=-7 --program-prefix=x86_64-linux-gnu- --enable-shared --enable-linker-build-id --libexecdir=/usr/lib --without-included-gettext --enable-threads=posix --libdir=/usr/lib --enable-nls --enable-bootstrap --enable-clocale=gnu --enable-libstdcxx-debug --enable-libstdcxx-time=yes --with-default-libstdcxx-abi=new --enable-gnu-unique-object --disable-vtable-verify --enable-libmpx --enable-plugin --with-system-zlib --with-target-system-zlib --enable-objc-gc=auto --enable-multiarch --disable-werror --with-arch-32=i686 --with-abi=m64 --with-multilib-list=m32,m64,mx32 --enable-multilib --with-tune=generic --enable-offload-targets=nvptx-none --without-cuda-driver --enable-checking=release --build=x86_64-linux-gnu --host=x86_64-linux-gnu --target=x86_64-linux-gnu
Thread model: posix
gcc version 7.5.0 (Ubuntu 7.5.0-3ubuntu1~16.04) 
configure:4793: $? = 0
configure:4782: /usr/bin/g++-7 -V >&5
g++-7: error: unrecognized command line option '-V'
g++-7: fatal error: no input files
compilation terminated.
configure:4793: $? = 1
configure:4782: /usr/bin/g++-7 -qversion >&5
g++-7: error: unrecognized command line option '-qversion'; did you mean '--version'?
g++-7: fatal error: no input files
compilation terminated.
configure:4793: $? = 1
configure:4797: checking whether we are using the GNU C++ compiler
configure:4816: /usr/bin/g++-7 -c   conftest.cpp >&5
configure:4816: $? = 0
configure:4825: result: yes
configure:4834: checking whether /usr/bin/g++-7 accepts -g
configure:4854: /usr/bin/g++-7 -c -g  conftest.cpp >&5
configure:4854: $? = 0
configure:4895: result: yes
configure:4920: checking dependency style of /usr/bin/g++-7
configure:5031: result: gcc3
configure:5472: checking how to print strings
configure:5499: result: printf
configure:5520: checking for a sed that does not truncate output
configure:5584: result: /bin/sed
configure:5602: checking for grep that handles long lines and -e
configure:5660: result: /bin/grep
configure:5665: checking for egrep
configure:5727: result: /bin/grep -E
configure:5732: checking for fgrep
configure:5794: result: /bin/grep -F
configure:5829: checking for ld used by gcc
configure:5896: result: /usr/bin/ld
configure:5903: checking if the linker (/usr/bin/ld) is GNU ld
configure:5918: result: yes
configure:5930: checking for BSD- or MS-compatible name lister (nm)
configure:5979: result: /usr/bin/nm -B
configure:6109: checking the name lister (/usr/bin/nm -B) interface
configure:6116: gcc -c -g3 -O0 -fno-omit-frame-pointer  conftest.c >&5
configure:6119: /usr/bin/nm -B "conftest.o"
configure:6122: output
0000000000000000 B some_variable
0000000000000000 n wm4.0.6bd0344ff0a79fb6b2d0bfa7e790d4e1
0000000000000000 n wm4.stdcpredef.h.19.bf2bf6c5fb087dfb5ef2d2297c2795de
configure:6129: result: BSD nm
configure:6132: checking whether ln -s works
configure:6136: result: yes
configure:6144: checking the maximum length of command line arguments
configure:6274: result: 1572864
configure:6291: checking whether the shell understands some XSI constructs
configure:6301: result: yes
configure:6305: checking whether the shell understands "+="
configure:6311: result: yes
configure:6346: checking how to convert x86_64-unknown-linux-gnu file names to x86_64-unknown-linux-gnu format
configure:6386: result: func_convert_file_noop
configure:6393: checking how to convert x86_64-unknown-linux-gnu file names to toolchain format
configure:6413: result: func_convert_file_noop
configure:6420: checking for /usr/bin/ld option to reload object files
configure:6427: result: -r
configure:6501: checking for objdump
configure:6528: result: objdump
configure:6557: checking how to recognize dependent libraries
configure:6759: result: pass_all
configure:6844: checking for dlltool
configure:6871: result: dlltool
configure:6901: checking how to associate runtime and link libraries
configure:6928: result: printf %s\n
configure:6989: checking for ar
configure:7005: found /usr/bin/ar
configure:7016: result: ar
configure:7053: checking for archiver @FILE support
configure:7070: gcc -c -g3 -O0 -fno-omit-frame-pointer  conftest.c >&5
configure:7070: $? = 0
configure:7073: ar cru libconftest.a @conftest.lst >&5
ar: `u' modifier ignored since `D' is the default (see `U')
configure:7076: $? = 0
configure:7081: ar cru libconftest.a @conftest.lst >&5
ar: `u' modifier ignored since `D' is the default (see `U')
ar: conftest.o: No such file or directory
configure:7084: $? = 1
configure:7096: result: @
configure:7154: checking for strip
configure:7170: found /usr/bin/strip
configure:7181: result: strip
configure:7253: checking for ranlib
configure:7269: found /usr/bin/ranlib
configure:7280: result: ranlib
configure:7382: checking command to parse /usr/bin/nm -B output from gcc object
configure:7502: gcc -c -g3 -O0 -fno-omit-frame-pointer  conftest.c >&5
configure:7505: $? = 0
configure:7509: /usr/bin/nm -B conftest.o \| sed -n -e 's/^.*[ ]\([ABCDGIRSTW][ABCDGIRSTW]*\)[ ][ ]*\([_A-Za-z][_A-Za-z0-9]*\)$/\1 \2 \2/p' | sed '/ __gnu_lto/d' \> conftest.nm
configure:7512: $? = 0
configure:7578: gcc -o conftest -g3 -O0 -fno-omit-frame-pointer   conftest.c conftstm.o >&5
configure:7581: $? = 0
configure:7619: result: ok
configure:7656: checking for sysroot
configure:7686: result: no
configure:7763: gcc -c -g3 -O0 -fno-omit-frame-pointer  conftest.c >&5
configure:7766: $? = 0
configure:7942: checking for mt
configure:7958: found /bin/mt
configure:7969: result: mt
configure:7992: checking if mt is a manifest tool
configure:7998: mt '-?'
configure:8006: result: no
configure:8644: checking for ANSI C header files
configure:8664: gcc -c -g3 -O0 -fno-omit-frame-pointer  conftest.c >&5
configure:8664: $? = 0
configure:8737: gcc -o conftest -g3 -O0 -fno-omit-frame-pointer   conftest.c  >&5
configure:8737: $? = 0
configure:8737: ./conftest
configure:8737: $? = 0
configure:8748: result: yes
configure:8761: checking for sys/types.h
configure:8761: gcc -c -g3 -O0 -fno-omit-frame-pointer  conftest.c >&5
configure:8761: $? = 0
configure:8761: result: yes
configure:8761: checking for sys/stat.h
configure:8761: gcc -c -g3 -O0 -fno-omit-frame-pointer  conftest.c >&5
configure:8761: $? = 0
configure:8761: result: yes
configure:8761: checking for stdlib.h
configure:8761: gcc -c -g3 -O0 -fno-omit-frame-pointer  conftest.c >&5
configure:8761: $? = 0
configure:8761: result: yes
configure:8761: checking for string.h
configure:8761: gcc -c -g3 -O0 -fno-omit-frame-pointer  conftest.c >&5
configure:8761: $? = 0
configure:8761: result: yes
configure:8761: checking for memory.h
configure:8761: gcc -c -g3 -O0 -fno-omit-frame-pointer  conftest.c >&5
configure:8761: $? = 0
configure:8761: result: yes
configure:8761: checking for strings.h
configure:8761: gcc -c -g3 -O0 -fno-omit-frame-pointer  conftest.c >&5
configure:8761: $? = 0
configure:8761: result: yes
configure:8761: checking for inttypes.h
configure:8761: gcc -c -g3 -O0 -fno-omit-frame-pointer  conftest.c >&5
configure:8761: $? = 0
configure:8761: result: yes
configure:8761: checking for stdint.h
configure:8761: gcc -c -g3 -O0 -fno-omit-frame-pointer  conftest.c >&5
configure:8761: $? = 0
configure:8761: result: yes
configure:8761: checking for unistd.h
configure:8761: gcc -c -g3 -O0 -fno-omit-frame-pointer  conftest.c >&5
configure:8761: $? = 0
configure:8761: result: yes
configure:8775: checking for dlfcn.h
configure:8775: gcc -c -g3 -O0 -fno-omit-frame-pointer  conftest.c >&5
configure:8775: $? = 0
configure:8775: result: yes
configure:8930: checking for objdir
configure:8945: result: .libs
configure:9216: checking if gcc supports -fno-rtti -fno-exceptions
configure:9234: gcc -c -g3 -O0 -fno-omit-frame-pointer  -fno-rtti -fno-exceptions conftest.c >&5
cc1: warning: command line option '-fno-rtti' is valid for C++/ObjC++ but not for C
configure:9238: $? = 0
configure:9251: result: no
configure:9578: checking for gcc option to produce PIC
configure:9585: result: -fPIC -DPIC
configure:9593: checking if gcc PIC flag -fPIC -DPIC works
configure:9611: gcc -c -g3 -O0 -fno-omit-frame-pointer  -fPIC -DPIC -DPIC conftest.c >&5
configure:9615: $? = 0
configure:9628: result: yes
configure:9657: checking if gcc static flag -static works
configure:9685: result: yes
configure:9700: checking if gcc supports -c -o file.o
configure:9721: gcc -c -g3 -O0 -fno-omit-frame-pointer  -o out/conftest2.o conftest.c >&5
configure:9725: $? = 0
configure:9747: result: yes
configure:9755: checking if gcc supports -c -o file.o
configure:9802: result: yes
configure:9835: checking whether the gcc linker (/usr/bin/ld -m elf_x86_64) supports shared libraries
configure:10988: result: yes
configure:11228: checking dynamic linker characteristics
configure:11739: gcc -o conftest -g3 -O0 -fno-omit-frame-pointer   -Wl,-rpath -Wl,/foo conftest.c  >&5
configure:11739: $? = 0
configure:11961: result: GNU/Linux ld.so
configure:12068: checking how to hardcode library paths into programs
configure:12093: result: immediate
configure:12633: checking whether stripping libraries is possible
configure:12638: result: yes
configure:12673: checking if libtool supports shared libraries
configure:12675: result: yes
configure:12678: checking whether to build shared libraries
configure:12699: result: no
configure:12702: checking whether to build static libraries
configure:12706: result: yes
configure:12729: checking how to run the C++ preprocessor
configure:12756: /usr/bin/g++-7 -E  conftest.cpp
configure:12756: $? = 0
configure:12770: /usr/bin/g++-7 -E  conftest.cpp
conftest.cpp:21:10: fatal error: ac_nonexistent.h: No such file or directory
 #include <ac_nonexistent.h>
          ^~~~~~~~~~~~~~~~~~
compilation terminated.
configure:12770: $? = 1
configure: failed program was:
| /* confdefs.h */
| #define PACKAGE_NAME "lcms2"
| #define PACKAGE_TARNAME "lcms2"
| #define PACKAGE_VERSION "2.12"
| #define PACKAGE_STRING "lcms2 2.12"
| #define PACKAGE_BUGREPORT ""
| #define PACKAGE_URL ""
| #define STDC_HEADERS 1
| #define HAVE_SYS_TYPES_H 1
| #define HAVE_SYS_STAT_H 1
| #define HAVE_STDLIB_H 1
| #define HAVE_STRING_H 1
| #define HAVE_MEMORY_H 1
| #define HAVE_STRINGS_H 1
| #define HAVE_INTTYPES_H 1
| #define HAVE_STDINT_H 1
| #define HAVE_UNISTD_H 1
| #define HAVE_DLFCN_H 1
| #define LT_OBJDIR ".libs/"
| /* end confdefs.h.  */
| #include <ac_nonexistent.h>
configure:12795: result: /usr/bin/g++-7 -E
configure:12815: /usr/bin/g++-7 -E  conftest.cpp
configure:12815: $? = 0
configure:12829: /usr/bin/g++-7 -E  conftest.cpp
conftest.cpp:21:10: fatal error: ac_nonexistent.h: No such file or directory
 #include <ac_nonexistent.h>
          ^~~~~~~~~~~~~~~~~~
compilation terminated.
configure:12829: $? = 1
configure: failed program was:
| /* confdefs.h */
| #define PACKAGE_NAME "lcms2"
| #define PACKAGE_TARNAME "lcms2"
| #define PACKAGE_VERSION "2.12"
| #define PACKAGE_STRING "lcms2 2.12"
| #define PACKAGE_BUGREPORT ""
| #define PACKAGE_URL ""
| #define STDC_HEADERS 1
| #define HAVE_SYS_TYPES_H 1
| #define HAVE_SYS_STAT_H 1
| #define HAVE_STDLIB_H 1
| #define HAVE_STRING_H 1
| #define HAVE_MEMORY_H 1
| #define HAVE_STRINGS_H 1
| #define HAVE_INTTYPES_H 1
| #define HAVE_STDINT_H 1
| #define HAVE_UNISTD_H 1
| #define HAVE_DLFCN_H 1
| #define LT_OBJDIR ".libs/"
| /* end confdefs.h.  */
| #include <ac_nonexistent.h>
configure:12998: checking for ld used by /usr/bin/g++-7
configure:13065: result: /usr/bin/ld -m elf_x86_64
configure:13072: checking if the linker (/usr/bin/ld -m elf_x86_64) is GNU ld
configure:13087: result: yes
configure:13142: checking whether the /usr/bin/g++-7 linker (/usr/bin/ld -m elf_x86_64) supports shared libraries
configure:14147: result: yes
configure:14183: /usr/bin/g++-7 -c -g -O2  conftest.cpp >&5
configure:14186: $? = 0
configure:14706: checking for /usr/bin/g++-7 option to produce PIC
configure:14713: result: -fPIC -DPIC
configure:14721: checking if /usr/bin/g++-7 PIC flag -fPIC -DPIC works
configure:14739: /usr/bin/g++-7 -c -g -O2  -fPIC -DPIC -DPIC conftest.cpp >&5
configure:14743: $? = 0
configure:14756: result: yes
configure:14779: checking if /usr/bin/g++-7 static flag -static works
configure:14807: result: yes
configure:14819: checking if /usr/bin/g++-7 supports -c -o file.o
configure:14840: /usr/bin/g++-7 -c -g -O2  -o out/conftest2.o conftest.cpp >&5
configure:14844: $? = 0
configure:14866: result: yes
configure:14871: checking if /usr/bin/g++-7 supports -c -o file.o
configure:14918: result: yes
configure:14948: checking whether the /usr/bin/g++-7 linker (/usr/bin/ld -m elf_x86_64) supports shared libraries
configure:14984: result: yes
configure:15125: checking dynamic linker characteristics
configure:15792: result: GNU/Linux ld.so
configure:15845: checking how to hardcode library paths into programs
configure:15870: result: immediate
configure:15939: checking whether to enable maintainer-specific portions of Makefiles
configure:15948: result: no
configure:15965: checking for inline
configure:15981: gcc -c -g3 -O0 -fno-omit-frame-pointer  conftest.c >&5
configure:15981: $? = 0
configure:15989: result: inline
configure:16014: checking for __attribute__((visibility))
configure:16036: gcc -o conftest -g3 -O0 -fno-omit-frame-pointer   conftest.c  >&5
configure:16036: $? = 0
configure:16049: result: yes
configure:16072: checking whether C compiler accepts -fvisibility=hidden
configure:16091: gcc -c -g3 -O0 -fno-omit-frame-pointer  -fvisibility=hidden  conftest.c >&5
configure:16091: $? = 0
configure:16100: result: yes
configure:16116: : CFLAGS="$CFLAGS"
configure:16119: $? = 0
configure:16144: checking whether byte ordering is bigendian
configure:16159: gcc -c -g3 -O0 -fno-omit-frame-pointer -fvisibility=hidden  conftest.c >&5
conftest.c:23:9: error: unknown type name 'not'
         not a universal capable compiler
         ^
conftest.c:23:15: error: expected '=', ',', ';', 'asm' or '__attribute__' before 'universal'
         not a universal capable compiler
               ^
conftest.c:23:15: error: unknown type name 'universal'
configure:16159: $? = 1
configure: failed program was:
| /* confdefs.h */
| #define PACKAGE_NAME "lcms2"
| #define PACKAGE_TARNAME "lcms2"
| #define PACKAGE_VERSION "2.12"
| #define PACKAGE_STRING "lcms2 2.12"
| #define PACKAGE_BUGREPORT ""
| #define PACKAGE_URL ""
| #define STDC_HEADERS 1
| #define HAVE_SYS_TYPES_H 1
| #define HAVE_SYS_STAT_H 1
| #define HAVE_STDLIB_H 1
| #define HAVE_STRING_H 1
| #define HAVE_MEMORY_H 1
| #define HAVE_STRINGS_H 1
| #define HAVE_INTTYPES_H 1
| #define HAVE_STDINT_H 1
| #define HAVE_UNISTD_H 1
| #define HAVE_DLFCN_H 1
| #define LT_OBJDIR ".libs/"
| #define HAVE_FUNC_ATTRIBUTE_VISIBILITY 1
| /* end confdefs.h.  */
| #ifndef __APPLE_CC__
| 	       not a universal capable compiler
| 	     #endif
| 	     typedef int dummy;
| 
configure:16204: gcc -c -g3 -O0 -fno-omit-frame-pointer -fvisibility=hidden  conftest.c >&5
configure:16204: $? = 0
configure:16222: gcc -c -g3 -O0 -fno-omit-frame-pointer -fvisibility=hidden  conftest.c >&5
conftest.c: In function 'main':
conftest.c:29:4: error: unknown type name 'not'
    not big endian
    ^
conftest.c:29:12: error: expected '=', ',', ';', 'asm' or '__attribute__' before 'endian'
    not big endian
            ^
configure:16222: $? = 1
configure: failed program was:
| /* confdefs.h */
| #define PACKAGE_NAME "lcms2"
| #define PACKAGE_TARNAME "lcms2"
| #define PACKAGE_VERSION "2.12"
| #define PACKAGE_STRING "lcms2 2.12"
| #define PACKAGE_BUGREPORT ""
| #define PACKAGE_URL ""
| #define STDC_HEADERS 1
| #define HAVE_SYS_TYPES_H 1
| #define HAVE_SYS_STAT_H 1
| #define HAVE_STDLIB_H 1
| #define HAVE_STRING_H 1
| #define HAVE_MEMORY_H 1
| #define HAVE_STRINGS_H 1
| #define HAVE_INTTYPES_H 1
| #define HAVE_STDINT_H 1
| #define HAVE_UNISTD_H 1
| #define HAVE_DLFCN_H 1
| #define LT_OBJDIR ".libs/"
| #define HAVE_FUNC_ATTRIBUTE_VISIBILITY 1
| /* end confdefs.h.  */
| #include <sys/types.h>
| 		#include <sys/param.h>
| 
| int
| main ()
| {
| #if BYTE_ORDER != BIG_ENDIAN
| 		 not big endian
| 		#endif
| 
|   ;
|   return 0;
| }
configure:16350: result: no
configure:16626: checking for the pthreads library -lpthreads
configure:16659: gcc -o conftest -g3 -O0 -fno-omit-frame-pointer -fvisibility=hidden    conftest.c -lpthreads  >&5
conftest.c: In function 'main':
conftest.c:27:22: warning: null argument where non-null required (argument 1) [-Wnonnull]
                      pthread_attr_init(0); pthread_cleanup_push(0, 0);
                      ^
conftest.c:28:22: warning: null argument where non-null required (argument 1) [-Wnonnull]
                      pthread_create(0,0,0,0); pthread_cleanup_pop(0);
                      ^
conftest.c:28:22: warning: null argument where non-null required (argument 3) [-Wnonnull]
/usr/bin/ld: cannot find -lpthreads
collect2: error: ld returned 1 exit status
configure:16659: $? = 1
configure: failed program was:
| /* confdefs.h */
| #define PACKAGE_NAME "lcms2"
| #define PACKAGE_TARNAME "lcms2"
| #define PACKAGE_VERSION "2.12"
| #define PACKAGE_STRING "lcms2 2.12"
| #define PACKAGE_BUGREPORT ""
| #define PACKAGE_URL ""
| #define STDC_HEADERS 1
| #define HAVE_SYS_TYPES_H 1
| #define HAVE_SYS_STAT_H 1
| #define HAVE_STDLIB_H 1
| #define HAVE_STRING_H 1
| #define HAVE_MEMORY_H 1
| #define HAVE_STRINGS_H 1
| #define HAVE_INTTYPES_H 1
| #define HAVE_STDINT_H 1
| #define HAVE_UNISTD_H 1
| #define HAVE_DLFCN_H 1
| #define LT_OBJDIR ".libs/"
| #define HAVE_FUNC_ATTRIBUTE_VISIBILITY 1
| /* end confdefs.h.  */
| #include <pthread.h>
| int
| main ()
| {
| pthread_t th; pthread_join(th, 0);
|                      pthread_attr_init(0); pthread_cleanup_push(0, 0);
|                      pthread_create(0,0,0,0); pthread_cleanup_pop(0);
|   ;
|   return 0;
| }
configure:16668: result: no
configure:16571: checking whether pthreads work without any flags
configure:16659: gcc -o conftest -g3 -O0 -fno-omit-frame-pointer -fvisibility=hidden    conftest.c   >&5
conftest.c: In function 'main':
conftest.c:27:22: warning: null argument where non-null required (argument 1) [-Wnonnull]
                      pthread_attr_init(0); pthread_cleanup_push(0, 0);
                      ^
conftest.c:28:22: warning: null argument where non-null required (argument 1) [-Wnonnull]
                      pthread_create(0,0,0,0); pthread_cleanup_pop(0);
                      ^
conftest.c:28:22: warning: null argument where non-null required (argument 3) [-Wnonnull]
/tmp/cc12H1RZ.o: In function `main':
/mnt/c/Users/user/Documents/DIP_Python_Project/cavif/build/src/lcms_repo-build/conftest.c:26: undefined reference to `pthread_join'
/mnt/c/Users/user/Documents/DIP_Python_Project/cavif/build/src/lcms_repo-build/conftest.c:27: undefined reference to `__pthread_register_cancel'
/mnt/c/Users/user/Documents/DIP_Python_Project/cavif/build/src/lcms_repo-build/conftest.c:28: undefined reference to `pthread_create'
/mnt/c/Users/user/Documents/DIP_Python_Project/cavif/build/src/lcms_repo-build/conftest.c:28: undefined reference to `__pthread_unregister_cancel'
collect2: error: ld returned 1 exit status
configure:16659: $? = 1
configure: failed program was:
| /* confdefs.h */
| #define PACKAGE_NAME "lcms2"
| #define PACKAGE_TARNAME "lcms2"
| #define PACKAGE_VERSION "2.12"
| #define PACKAGE_STRING "lcms2 2.12"
| #define PACKAGE_BUGREPORT ""
| #define PACKAGE_URL ""
| #define STDC_HEADERS 1
| #define HAVE_SYS_TYPES_H 1
| #define HAVE_SYS_STAT_H 1
| #define HAVE_STDLIB_H 1
| #define HAVE_STRING_H 1
| #define HAVE_MEMORY_H 1
| #define HAVE_STRINGS_H 1
| #define HAVE_INTTYPES_H 1
| #define HAVE_STDINT_H 1
| #define HAVE_UNISTD_H 1
| #define HAVE_DLFCN_H 1
| #define LT_OBJDIR ".libs/"
| #define HAVE_FUNC_ATTRIBUTE_VISIBILITY 1
| /* end confdefs.h.  */
| #include <pthread.h>
| int
| main ()
| {
| pthread_t th; pthread_join(th, 0);
|                      pthread_attr_init(0); pthread_cleanup_push(0, 0);
|                      pthread_create(0,0,0,0); pthread_cleanup_pop(0);
|   ;
|   return 0;
| }
configure:16668: result: no
configure:16576: checking whether pthreads work with -Kthread
configure:16659: gcc -o conftest -g3 -O0 -fno-omit-frame-pointer -fvisibility=hidden -Kthread   conftest.c   >&5
gcc: error: unrecognized command line option '-Kthread'
configure:16659: $? = 1
configure: failed program was:
| /* confdefs.h */
| #define PACKAGE_NAME "lcms2"
| #define PACKAGE_TARNAME "lcms2"
| #define PACKAGE_VERSION "2.12"
| #define PACKAGE_STRING "lcms2 2.12"
| #define PACKAGE_BUGREPORT ""
| #define PACKAGE_URL ""
| #define STDC_HEADERS 1
| #define HAVE_SYS_TYPES_H 1
| #define HAVE_SYS_STAT_H 1
| #define HAVE_STDLIB_H 1
| #define HAVE_STRING_H 1
| #define HAVE_MEMORY_H 1
| #define HAVE_STRINGS_H 1
| #define HAVE_INTTYPES_H 1
| #define HAVE_STDINT_H 1
| #define HAVE_UNISTD_H 1
| #define HAVE_DLFCN_H 1
| #define LT_OBJDIR ".libs/"
| #define HAVE_FUNC_ATTRIBUTE_VISIBILITY 1
| /* end confdefs.h.  */
| #include <pthread.h>
| int
| main ()
| {
| pthread_t th; pthread_join(th, 0);
|                      pthread_attr_init(0); pthread_cleanup_push(0, 0);
|                      pthread_create(0,0,0,0); pthread_cleanup_pop(0);
|   ;
|   return 0;
| }
configure:16668: result: no
configure:16576: checking whether pthreads work with -kthread
configure:16659: gcc -o conftest -g3 -O0 -fno-omit-frame-pointer -fvisibility=hidden -kthread   conftest.c   >&5
gcc: error: unrecognized command line option '-kthread'
configure:16659: $? = 1
configure: failed program was:
| /* confdefs.h */
| #define PACKAGE_NAME "lcms2"
| #define PACKAGE_TARNAME "lcms2"
| #define PACKAGE_VERSION "2.12"
| #define PACKAGE_STRING "lcms2 2.12"
| #define PACKAGE_BUGREPORT ""
| #define PACKAGE_URL ""
| #define STDC_HEADERS 1
| #define HAVE_SYS_TYPES_H 1
| #define HAVE_SYS_STAT_H 1
| #define HAVE_STDLIB_H 1
| #define HAVE_STRING_H 1
| #define HAVE_MEMORY_H 1
| #define HAVE_STRINGS_H 1
| #define HAVE_INTTYPES_H 1
| #define HAVE_STDINT_H 1
| #define HAVE_UNISTD_H 1
| #define HAVE_DLFCN_H 1
| #define LT_OBJDIR ".libs/"
| #define HAVE_FUNC_ATTRIBUTE_VISIBILITY 1
| /* end confdefs.h.  */
| #include <pthread.h>
| int
| main ()
| {
| pthread_t th; pthread_join(th, 0);
|                      pthread_attr_init(0); pthread_cleanup_push(0, 0);
|                      pthread_create(0,0,0,0); pthread_cleanup_pop(0);
|   ;
|   return 0;
| }
configure:16668: result: no
configure:16626: checking for the pthreads library -llthread
configure:16659: gcc -o conftest -g3 -O0 -fno-omit-frame-pointer -fvisibility=hidden    conftest.c -llthread  >&5
conftest.c: In function 'main':
conftest.c:27:22: warning: null argument where non-null required (argument 1) [-Wnonnull]
                      pthread_attr_init(0); pthread_cleanup_push(0, 0);
                      ^
conftest.c:28:22: warning: null argument where non-null required (argument 1) [-Wnonnull]
                      pthread_create(0,0,0,0); pthread_cleanup_pop(0);
                      ^
conftest.c:28:22: warning: null argument where non-null required (argument 3) [-Wnonnull]
/usr/bin/ld: cannot find -llthread
collect2: error: ld returned 1 exit status
configure:16659: $? = 1
configure: failed program was:
| /* confdefs.h */
| #define PACKAGE_NAME "lcms2"
| #define PACKAGE_TARNAME "lcms2"
| #define PACKAGE_VERSION "2.12"
| #define PACKAGE_STRING "lcms2 2.12"
| #define PACKAGE_BUGREPORT ""
| #define PACKAGE_URL ""
| #define STDC_HEADERS 1
| #define HAVE_SYS_TYPES_H 1
| #define HAVE_SYS_STAT_H 1
| #define HAVE_STDLIB_H 1
| #define HAVE_STRING_H 1
| #define HAVE_MEMORY_H 1
| #define HAVE_STRINGS_H 1
| #define HAVE_INTTYPES_H 1
| #define HAVE_STDINT_H 1
| #define HAVE_UNISTD_H 1
| #define HAVE_DLFCN_H 1
| #define LT_OBJDIR ".libs/"
| #define HAVE_FUNC_ATTRIBUTE_VISIBILITY 1
| /* end confdefs.h.  */
| #include <pthread.h>
| int
| main ()
| {
| pthread_t th; pthread_join(th, 0);
|                      pthread_attr_init(0); pthread_cleanup_push(0, 0);
|                      pthread_create(0,0,0,0); pthread_cleanup_pop(0);
|   ;
|   return 0;
| }
configure:16668: result: no
configure:16576: checking whether pthreads work with -pthread
configure:16659: gcc -o conftest -g3 -O0 -fno-omit-frame-pointer -fvisibility=hidden -pthread   conftest.c   >&5
conftest.c: In function 'main':
conftest.c:27:22: warning: null argument where non-null required (argument 1) [-Wnonnull]
                      pthread_attr_init(0); pthread_cleanup_push(0, 0);
                      ^
conftest.c:28:22: warning: null argument where non-null required (argument 1) [-Wnonnull]
                      pthread_create(0,0,0,0); pthread_cleanup_pop(0);
                      ^
conftest.c:28:22: warning: null argument where non-null required (argument 3) [-Wnonnull]
configure:16659: $? = 0
configure:16668: result: yes
configure:16687: checking for joinable pthread attribute
configure:16702: gcc -o conftest -g3 -O0 -fno-omit-frame-pointer -fvisibility=hidden -pthread   conftest.c   >&5
configure:16702: $? = 0
configure:16708: result: PTHREAD_CREATE_JOINABLE
configure:16718: checking if more special flags are required for pthreads
configure:16725: result: no
configure:16924: checking for sqrt in -lm
configure:16949: gcc -o conftest -g3 -O0 -fno-omit-frame-pointer -fvisibility=hidden -pthread   conftest.c -lm   >&5
conftest.c:30:6: warning: conflicting types for built-in function 'sqrt'
 char sqrt ();
      ^
configure:16949: $? = 0
configure:16958: result: yes
configure:16977: checking for pthread_mutex_lock in -lpthread
configure:17002: gcc -o conftest -g3 -O0 -fno-omit-frame-pointer -fvisibility=hidden -pthread   conftest.c -lpthread  -lm  >&5
configure:17002: $? = 0
configure:17012: result: yes
configure:17924: checking that generated files are newer than configure
configure:17930: result: done
configure:17978: creating ./config.status

## ---------------------- ##
## Running config.status. ##
## ---------------------- ##

This file was extended by lcms2 config.status 2.12, which was
generated by GNU Autoconf 2.69.  Invocation command line was

  CONFIG_FILES    = 
  CONFIG_HEADERS  = 
  CONFIG_LINKS    = 
  CONFIG_COMMANDS = 
  $ ./config.status 

on LAPTOP-1E96BSBL

config.status:1113: creating Makefile
config.status:1113: creating lcms2.pc
config.status:1113: creating include/Makefile
config.status:1113: creating src/Makefile
config.status:1113: creating utils/tificc/Makefile
config.status:1113: creating utils/transicc/Makefile
config.status:1113: creating utils/linkicc/Makefile
config.status:1113: creating utils/jpgicc/Makefile
config.status:1113: creating utils/psicc/Makefile
config.status:1113: creating testbed/Makefile
config.status:1113: creating plugins/Makefile
config.status:1113: creating plugins/fast_float/Makefile
config.status:1113: creating plugins/fast_float/src/Makefile
config.status:1113: creating plugins/fast_float/include/Makefile
config.status:1113: creating plugins/fast_float/testbed/Makefile
config.status:1270: executing depfiles commands
config.status:1347: cd src       && sed -e '/# am--include-marker/d' Makefile         | make -f - am--depfiles
make[4]: Entering directory '/mnt/c/Users/user/Documents/DIP_Python_Project/cavif/build/src/lcms_repo-build/src'
make[4]: Leaving directory '/mnt/c/Users/user/Documents/DIP_Python_Project/cavif/build/src/lcms_repo-build/src'
config.status:1352: $? = 0
config.status:1347: cd testbed       && sed -e '/# am--include-marker/d' Makefile         | make -f - am--depfiles
make[4]: Entering directory '/mnt/c/Users/user/Documents/DIP_Python_Project/cavif/build/src/lcms_repo-build/testbed'
make[4]: Leaving directory '/mnt/c/Users/user/Documents/DIP_Python_Project/cavif/build/src/lcms_repo-build/testbed'
config.status:1352: $? = 0
config.status:1347: cd plugins/fast_float/src       && sed -e '/# am--include-marker/d' Makefile         | make -f - am--depfiles
make[4]: Entering directory '/mnt/c/Users/user/Documents/DIP_Python_Project/cavif/build/src/lcms_repo-build/plugins/fast_float/src'
make[4]: Leaving directory '/mnt/c/Users/user/Documents/DIP_Python_Project/cavif/build/src/lcms_repo-build/plugins/fast_float/src'
config.status:1352: $? = 0
config.status:1347: cd plugins/fast_float/testbed       && sed -e '/# am--include-marker/d' Makefile         | make -f - am--depfiles
make[4]: Entering directory '/mnt/c/Users/user/Documents/DIP_Python_Project/cavif/build/src/lcms_repo-build/plugins/fast_float/testbed'
make[4]: Leaving directory '/mnt/c/Users/user/Documents/DIP_Python_Project/cavif/build/src/lcms_repo-build/plugins/fast_float/testbed'
config.status:1352: $? = 0
config.status:1270: executing libtool commands

## ---------------- ##
## Cache variables. ##
## ---------------- ##

ac_cv_build=x86_64-unknown-linux-gnu
ac_cv_c_bigendian=no
ac_cv_c_compiler_gnu=yes
ac_cv_c_inline=inline
ac_cv_cxx_compiler_gnu=yes
ac_cv_env_CCC_set=
ac_cv_env_CCC_value=
ac_cv_env_CC_set=
ac_cv_env_CC_value=
ac_cv_env_CFLAGS_set=set
ac_cv_env_CFLAGS_value='-g3 -O0 -fno-omit-frame-pointer'
ac_cv_env_CPPFLAGS_set=
ac_cv_env_CPPFLAGS_value=
ac_cv_env_CPP_set=
ac_cv_env_CPP_value=
ac_cv_env_CXXCPP_set=
ac_cv_env_CXXCPP_value=
ac_cv_env_CXXFLAGS_set=
ac_cv_env_CXXFLAGS_value=
ac_cv_env_CXX_set=set
ac_cv_env_CXX_value=/usr/bin/g++-7
ac_cv_env_LDFLAGS_set=
ac_cv_env_LDFLAGS_value=
ac_cv_env_LIBS_set=
ac_cv_env_LIBS_value=
ac_cv_env_build_alias_set=
ac_cv_env_build_alias_value=
ac_cv_env_host_alias_set=
ac_cv_env_host_alias_value=
ac_cv_env_target_alias_set=
ac_cv_env_target_alias_value=
ac_cv_header_dlfcn_h=yes
ac_cv_header_inttypes_h=yes
ac_cv_header_memory_h=yes
ac_cv_header_stdc=yes
ac_cv_header_stdint_h=yes
ac_cv_header_stdlib_h=yes
ac_cv_header_string_h=yes
ac_cv_header_strings_h=yes
ac_cv_header_sys_stat_h=yes
ac_cv_header_sys_types_h=yes
ac_cv_header_unistd_h=yes
ac_cv_host=x86_64-unknown-linux-gnu
ac_cv_lib_m_sqrt=yes
ac_cv_lib_pthread___pthread_mutex_lock=yes
ac_cv_objext=o
ac_cv_path_EGREP='/bin/grep -E'
ac_cv_path_FGREP='/bin/grep -F'
ac_cv_path_GREP=/bin/grep
ac_cv_path_SED=/bin/sed
ac_cv_path_install='/usr/bin/install -c'
ac_cv_path_mkdir=/bin/mkdir
ac_cv_prog_AWK=gawk
ac_cv_prog_CPP='gcc -E'
ac_cv_prog_CXXCPP='/usr/bin/g++-7 -E'
ac_cv_prog_ac_ct_AR=ar
ac_cv_prog_ac_ct_CC=gcc
ac_cv_prog_ac_ct_DLLTOOL=dlltool
ac_cv_prog_ac_ct_MANIFEST_TOOL=mt
ac_cv_prog_ac_ct_OBJDUMP=objdump
ac_cv_prog_ac_ct_RANLIB=ranlib
ac_cv_prog_ac_ct_STRIP=strip
ac_cv_prog_cc_c89=
ac_cv_prog_cc_c99=
ac_cv_prog_cc_g=yes
ac_cv_prog_cc_stdc=
ac_cv_prog_cxx_g=yes
ac_cv_prog_make_make_set=yes
am_cv_CC_dependencies_compiler_type=gcc3
am_cv_CXX_dependencies_compiler_type=gcc3
am_cv_make_support_nested_variables=yes
am_cv_prog_cc_c_o=yes
am_cv_prog_tar_ustar=gnutar
ax_cv_check_cflags___fvisibility_hidden=yes
ax_cv_have_func_attribute_visibility=yes
lt_cv_ar_at_file=@
lt_cv_deplibs_check_method=pass_all
lt_cv_file_magic_cmd='$MAGIC_CMD'
lt_cv_file_magic_test_file=
lt_cv_ld_reload_flag=-r
lt_cv_nm_interface='BSD nm'
lt_cv_objdir=.libs
lt_cv_path_LD=/usr/bin/ld
lt_cv_path_LDCXX='/usr/bin/ld -m elf_x86_64'
lt_cv_path_NM='/usr/bin/nm -B'
lt_cv_path_mainfest_tool=no
lt_cv_prog_compiler_c_o=yes
lt_cv_prog_compiler_c_o_CXX=yes
lt_cv_prog_compiler_pic='-fPIC -DPIC'
lt_cv_prog_compiler_pic_CXX='-fPIC -DPIC'
lt_cv_prog_compiler_pic_works=yes
lt_cv_prog_compiler_pic_works_CXX=yes
lt_cv_prog_compiler_rtti_exceptions=no
lt_cv_prog_compiler_static_works=yes
lt_cv_prog_compiler_static_works_CXX=yes
lt_cv_prog_gnu_ld=yes
lt_cv_prog_gnu_ldcxx=yes
lt_cv_sharedlib_from_linklib_cmd='printf %s\n'
lt_cv_shlibpath_overrides_runpath=no
lt_cv_sys_global_symbol_pipe='sed -n -e '\''s/^.*[	 ]\([ABCDGIRSTW][ABCDGIRSTW]*\)[	 ][	 ]*\([_A-Za-z][_A-Za-z0-9]*\)$/\1 \2 \2/p'\'' | sed '\''/ __gnu_lto/d'\'''
lt_cv_sys_global_symbol_to_c_name_address='sed -n -e '\''s/^: \([^ ]*\)[ ]*$/  {\"\1\", (void *) 0},/p'\'' -e '\''s/^[ABCDGIRSTW]* \([^ ]*\) \([^ ]*\)$/  {"\2", (void *) \&\2},/p'\'''
lt_cv_sys_global_symbol_to_c_name_address_lib_prefix='sed -n -e '\''s/^: \([^ ]*\)[ ]*$/  {\"\1\", (void *) 0},/p'\'' -e '\''s/^[ABCDGIRSTW]* \([^ ]*\) \(lib[^ ]*\)$/  {"\2", (void *) \&\2},/p'\'' -e '\''s/^[ABCDGIRSTW]* \([^ ]*\) \([^ ]*\)$/  {"lib\2", (void *) \&\2},/p'\'''
lt_cv_sys_global_symbol_to_cdecl='sed -n -e '\''s/^T .* \(.*\)$/extern int \1();/p'\'' -e '\''s/^[ABCDGIRSTW]* .* \(.*\)$/extern char \1;/p'\'''
lt_cv_sys_max_cmd_len=1572864
lt_cv_to_host_file_cmd=func_convert_file_noop
lt_cv_to_tool_file_cmd=func_convert_file_noop

## ----------------- ##
## Output variables. ##
## ----------------- ##

ACLOCAL='${SHELL} /mnt/c/Users/user/Documents/DIP_Python_Project/cavif/external/libavif-container/external/Little-CMS/missing aclocal-1.16'
AMDEPBACKSLASH='\'
AMDEP_FALSE='#'
AMDEP_TRUE=''
AMTAR='$${TAR-tar}'
AM_BACKSLASH='\'
AM_DEFAULT_V='$(AM_DEFAULT_VERBOSITY)'
AM_DEFAULT_VERBOSITY='1'
AM_V='$(V)'
AR='ar'
AS='as'
AUTOCONF='${SHELL} /mnt/c/Users/user/Documents/DIP_Python_Project/cavif/external/libavif-container/external/Little-CMS/missing autoconf'
AUTOHEADER='${SHELL} /mnt/c/Users/user/Documents/DIP_Python_Project/cavif/external/libavif-container/external/Little-CMS/missing autoheader'
AUTOMAKE='${SHELL} /mnt/c/Users/user/Documents/DIP_Python_Project/cavif/external/libavif-container/external/Little-CMS/missing automake-1.16'
AWK='gawk'
CC='gcc'
CCDEPMODE='depmode=gcc3'
CFLAGS='-g3 -O0 -fno-omit-frame-pointer -fvisibility=hidden -pthread'
COND_FASTFLOAT_FALSE=''
COND_FASTFLOAT_TRUE='#'
CPP='gcc -E'
CPPFLAGS=''
CXX='/usr/bin/g++-7'
CXXCPP='/usr/bin/g++-7 -E'
CXXDEPMODE='depmode=gcc3'
CXXFLAGS='-g -O2 -pthread'
CYGPATH_W='echo'
DEFS='-DPACKAGE_NAME=\"lcms2\" -DPACKAGE_TARNAME=\"lcms2\" -DPACKAGE_VERSION=\"2.12\" -DPACKAGE_STRING=\"lcms2\ 2.12\" -DPACKAGE_BUGREPORT=\"\" -DPACKAGE_URL=\"\" -DSTDC_HEADERS=1 -DHAVE_SYS_TYPES_H=1 -DHAVE_SYS_STAT_H=1 -DHAVE_STDLIB_H=1 -DHAVE_STRING_H=1 -DHAVE_MEMORY_H=1 -DHAVE_STRINGS_H=1 -DHAVE_INTTYPES_H=1 -DHAVE_STDINT_H=1 -DHAVE_UNISTD_H=1 -DHAVE_DLFCN_H=1 -DLT_OBJDIR=\".libs/\" -DHAVE_FUNC_ATTRIBUTE_VISIBILITY=1 -DHAVE_PTHREAD=1 -DHasTHREADS=1'
DEPDIR='.deps'
DLLTOOL='dlltool'
DSYMUTIL=''
DUMPBIN=''
ECHO_C=''
ECHO_N='-n'
ECHO_T=''
EGREP='/bin/grep -E'
EXEEXT=''
FGREP='/bin/grep -F'
GREP='/bin/grep'
HasJPEG_FALSE=''
HasJPEG_TRUE='#'
HasTIFF_FALSE=''
HasTIFF_TRUE='#'
HasZLIB_FALSE=''
HasZLIB_TRUE='#'
INSTALL_DATA='${INSTALL} -m 644'
INSTALL_PROGRAM='${INSTALL}'
INSTALL_SCRIPT='${INSTALL}'
INSTALL_STRIP_PROGRAM='$(install_sh) -c -s'
JPEGICC_DEPLIBS='-lm -lpthread'
LCMS_LIB_DEPLIBS='-lm -lpthread'
LD='/usr/bin/ld -m elf_x86_64'
LDFLAGS=''
LIBOBJS=''
LIBRARY_AGE='0'
LIBRARY_CURRENT='2'
LIBRARY_REVISION='12'
LIBS=''
LIBTOOL='$(SHELL) $(top_builddir)/libtool'
LIBTOOL_DEPS='/mnt/c/Users/user/Documents/DIP_Python_Project/cavif/external/libavif-container/external/Little-CMS/ltmain.sh'
LIB_JPEG=''
LIB_MATH='-lm'
LIB_PLUGINS=''
LIB_THREAD='-lpthread'
LIB_TIFF=''
LIB_ZLIB=''
LIPO=''
LN_S='ln -s'
LTLIBOBJS=''
MAINT='#'
MAINTAINER_MODE_FALSE=''
MAINTAINER_MODE_TRUE='#'
MAKEINFO='${SHELL} /mnt/c/Users/user/Documents/DIP_Python_Project/cavif/external/libavif-container/external/Little-CMS/missing makeinfo'
MANIFEST_TOOL=':'
MKDIR_P='/bin/mkdir -p'
NM='/usr/bin/nm -B'
NMEDIT=''
OBJDUMP='objdump'
OBJEXT='o'
OTOOL64=''
OTOOL=''
PACKAGE='lcms2'
PACKAGE_BUGREPORT=''
PACKAGE_NAME='lcms2'
PACKAGE_STRING='lcms2 2.12'
PACKAGE_TARNAME='lcms2'
PACKAGE_URL=''
PACKAGE_VERSION='2.12'
PATH_SEPARATOR=':'
PTHREAD_CC='gcc'
PTHREAD_CFLAGS='-pthread'
PTHREAD_CXX='/usr/bin/g++-7'
PTHREAD_LIBS='-lpthread'
RANLIB='ranlib'
SED='/bin/sed'
SET_MAKE=''
SHELL='/bin/bash'
STRIP='strip'
TIFFICC_DEPLIBS='-lm -lpthread'
VERSION='2.12'
ac_ct_AR='ar'
ac_ct_CC='gcc'
ac_ct_CXX=''
ac_ct_DUMPBIN=''
acx_pthread_config=''
am__EXEEXT_FALSE=''
am__EXEEXT_TRUE='#'
am__fastdepCC_FALSE='#'
am__fastdepCC_TRUE=''
am__fastdepCXX_FALSE='#'
am__fastdepCXX_TRUE=''
am__include='include'
am__isrc=' -I$(srcdir)'
am__leading_dot='.'
am__nodep='_no'
am__quote=''
am__tar='tar --format=ustar -chf - "$$tardir"'
am__untar='tar -xf -'
bindir='${exec_prefix}/bin'
build='x86_64-unknown-linux-gnu'
build_alias=''
build_cpu='x86_64'
build_os='linux-gnu'
build_vendor='unknown'
datadir='${datarootdir}'
datarootdir='${prefix}/share'
docdir='${datarootdir}/doc/${PACKAGE_TARNAME}'
dvidir='${docdir}'
exec_prefix='${prefix}'
host='x86_64-unknown-linux-gnu'
host_alias=''
host_cpu='x86_64'
host_os='linux-gnu'
host_vendor='unknown'
htmldir='${docdir}'
includedir='${prefix}/include'
infodir='${datarootdir}/info'
inline=''
install_sh='${SHELL} /mnt/c/Users/user/Documents/DIP_Python_Project/cavif/external/libavif-container/external/Little-CMS/install-sh'
libdir='${exec_prefix}/lib'
libexecdir='${exec_prefix}/libexec'
localedir='${datarootdir}/locale'
localstatedir='${prefix}/var'
mandir='${datarootdir}/man'
mkdir_p='$(MKDIR_P)'
oldincludedir='/usr/include'
pdfdir='${docdir}'
prefix='/mnt/c/Users/user/Documents/DIP_Python_Project/cavif/build'
program_transform_name='s,x,x,'
psdir='${docdir}'
runstatedir='${localstatedir}/run'
sbindir='${exec_prefix}/sbin'
sharedstatedir='${prefix}/com'
sysconfdir='${prefix}/etc'
target_alias=''

## ----------- ##
## confdefs.h. ##
## ----------- ##

/* confdefs.h */
#define PACKAGE_NAME "lcms2"
#define PACKAGE_TARNAME "lcms2"
#define PACKAGE_VERSION "2.12"
#define PACKAGE_STRING "lcms2 2.12"
#define PACKAGE_BUGREPORT ""
#define PACKAGE_URL ""
#define STDC_HEADERS 1
#define HAVE_SYS_TYPES_H 1
#define HAVE_SYS_STAT_H 1
#define HAVE_STDLIB_H 1
#define HAVE_STRING_H 1
#define HAVE_MEMORY_H 1
#define HAVE_STRINGS_H 1
#define HAVE_INTTYPES_H 1
#define HAVE_STDINT_H 1
#define HAVE_UNISTD_H 1
#define HAVE_DLFCN_H 1
#define LT_OBJDIR ".libs/"
#define HAVE_FUNC_ATTRIBUTE_VISIBILITY 1
#define HAVE_PTHREAD 1
#define HasTHREADS 1

configure: exit 0
