Determining if the strtod_l exist failed with the following output:
Change Dir: /mnt/c/Users/user/Documents/DIP_Python_Project/cavif/build/CMakeFiles/CMakeTmp

Run Build Command(s):/usr/bin/make -f Makefile cmTC_61309/fast && /usr/bin/make  -f CMakeFiles/cmTC_61309.dir/build.make CMakeFiles/cmTC_61309.dir/build
make[1]: Entering directory '/mnt/c/Users/user/Documents/DIP_Python_Project/cavif/build/CMakeFiles/CMakeTmp'
Building C object CMakeFiles/cmTC_61309.dir/CheckSymbolExists.c.o
/usr/bin/gcc-8    -o CMakeFiles/cmTC_61309.dir/CheckSymbolExists.c.o -c /mnt/c/Users/user/Documents/DIP_Python_Project/cavif/build/CMakeFiles/CMakeTmp/CheckSymbolExists.c
/mnt/c/Users/user/Documents/DIP_Python_Project/cavif/build/CMakeFiles/CMakeTmp/CheckSymbolExists.c: In function ‘main’:
/mnt/c/Users/user/Documents/DIP_Python_Project/cavif/build/CMakeFiles/CMakeTmp/CheckSymbolExists.c:8:19: error: ‘strtod_l’ undeclared (first use in this function); did you mean ‘strtoull’?
   return ((int*)(&strtod_l))[argc];
                   ^~~~~~~~
                   strtoull
/mnt/c/Users/user/Documents/DIP_Python_Project/cavif/build/CMakeFiles/CMakeTmp/CheckSymbolExists.c:8:19: note: each undeclared identifier is reported only once for each function it appears in
CMakeFiles/cmTC_61309.dir/build.make:77: recipe for target 'CMakeFiles/cmTC_61309.dir/CheckSymbolExists.c.o' failed
make[1]: *** [CMakeFiles/cmTC_61309.dir/CheckSymbolExists.c.o] Error 1
make[1]: Leaving directory '/mnt/c/Users/user/Documents/DIP_Python_Project/cavif/build/CMakeFiles/CMakeTmp'
Makefile:127: recipe for target 'cmTC_61309/fast' failed
make: *** [cmTC_61309/fast] Error 2


File /mnt/c/Users/user/Documents/DIP_Python_Project/cavif/build/CMakeFiles/CMakeTmp/CheckSymbolExists.c:
/* */
#include <stdlib.h>

int main(int argc, char** argv)
{
  (void)argv;
#ifndef strtod_l
  return ((int*)(&strtod_l))[argc];
#else
  (void)argc;
  return 0;
#endif
}
Performing C SOURCE FILE Test CMAKE_HAVE_LIBC_PTHREAD failed with the following output:
Change Dir: /mnt/c/Users/user/Documents/DIP_Python_Project/cavif/build/CMakeFiles/CMakeTmp

Run Build Command(s):/usr/bin/make -f Makefile cmTC_50b29/fast && /usr/bin/make  -f CMakeFiles/cmTC_50b29.dir/build.make CMakeFiles/cmTC_50b29.dir/build
make[1]: Entering directory '/mnt/c/Users/user/Documents/DIP_Python_Project/cavif/build/CMakeFiles/CMakeTmp'
Building C object CMakeFiles/cmTC_50b29.dir/src.c.o
/usr/bin/gcc-8 -DCMAKE_HAVE_LIBC_PTHREAD   -o CMakeFiles/cmTC_50b29.dir/src.c.o -c /mnt/c/Users/user/Documents/DIP_Python_Project/cavif/build/CMakeFiles/CMakeTmp/src.c
Linking C executable cmTC_50b29
/mnt/c/Users/user/Documents/DIP_Python_Project/cmake/cmake-3.20.0-rc3-linux-x86_64/bin/cmake -E cmake_link_script CMakeFiles/cmTC_50b29.dir/link.txt --verbose=1
/usr/bin/gcc-8 CMakeFiles/cmTC_50b29.dir/src.c.o -o cmTC_50b29 
CMakeFiles/cmTC_50b29.dir/src.c.o: In function `main':
src.c:(.text+0x3c): undefined reference to `pthread_create'
src.c:(.text+0x48): undefined reference to `pthread_detach'
src.c:(.text+0x54): undefined reference to `pthread_cancel'
src.c:(.text+0x65): undefined reference to `pthread_join'
src.c:(.text+0x79): undefined reference to `pthread_atfork'
collect2: error: ld returned 1 exit status
CMakeFiles/cmTC_50b29.dir/build.make:98: recipe for target 'cmTC_50b29' failed
make[1]: *** [cmTC_50b29] Error 1
make[1]: Leaving directory '/mnt/c/Users/user/Documents/DIP_Python_Project/cavif/build/CMakeFiles/CMakeTmp'
Makefile:127: recipe for target 'cmTC_50b29/fast' failed
make: *** [cmTC_50b29/fast] Error 2


Source file was:
#include <pthread.h>

static void* test_func(void* data)
{
  return data;
}

int main(void)
{
  pthread_t thread;
  pthread_create(&thread, NULL, test_func, NULL);
  pthread_detach(thread);
  pthread_cancel(thread);
  pthread_join(thread, NULL);
  pthread_atfork(NULL, NULL, NULL);
  pthread_exit(NULL);

  return 0;
}

Determining if the function pthread_create exists in the pthreads failed with the following output:
Change Dir: /mnt/c/Users/user/Documents/DIP_Python_Project/cavif/build/CMakeFiles/CMakeTmp

Run Build Command(s):/usr/bin/make -f Makefile cmTC_3f3d5/fast && /usr/bin/make  -f CMakeFiles/cmTC_3f3d5.dir/build.make CMakeFiles/cmTC_3f3d5.dir/build
make[1]: Entering directory '/mnt/c/Users/user/Documents/DIP_Python_Project/cavif/build/CMakeFiles/CMakeTmp'
Building C object CMakeFiles/cmTC_3f3d5.dir/CheckFunctionExists.c.o
/usr/bin/gcc-8   -DCHECK_FUNCTION_EXISTS=pthread_create -o CMakeFiles/cmTC_3f3d5.dir/CheckFunctionExists.c.o -c /mnt/c/Users/user/Documents/DIP_Python_Project/cmake/cmake-3.20.0-rc3-linux-x86_64/share/cmake-3.20/Modules/CheckFunctionExists.c
Linking C executable cmTC_3f3d5
/mnt/c/Users/user/Documents/DIP_Python_Project/cmake/cmake-3.20.0-rc3-linux-x86_64/bin/cmake -E cmake_link_script CMakeFiles/cmTC_3f3d5.dir/link.txt --verbose=1
/usr/bin/gcc-8  -DCHECK_FUNCTION_EXISTS=pthread_create CMakeFiles/cmTC_3f3d5.dir/CheckFunctionExists.c.o -o cmTC_3f3d5  -lpthreads 
/usr/bin/ld: cannot find -lpthreads
collect2: error: ld returned 1 exit status
CMakeFiles/cmTC_3f3d5.dir/build.make:98: recipe for target 'cmTC_3f3d5' failed
make[1]: *** [cmTC_3f3d5] Error 1
make[1]: Leaving directory '/mnt/c/Users/user/Documents/DIP_Python_Project/cavif/build/CMakeFiles/CMakeTmp'
Makefile:127: recipe for target 'cmTC_3f3d5/fast' failed
make: *** [cmTC_3f3d5/fast] Error 2



Performing C++ SOURCE FILE Test CXX_FLAG_SUPPORTED failed with the following output:
Change Dir: /mnt/c/Users/user/Documents/DIP_Python_Project/cavif/build/CMakeFiles/CMakeTmp

Run Build Command(s):/usr/bin/make -f Makefile cmTC_b9999/fast && /usr/bin/make  -f CMakeFiles/cmTC_b9999.dir/build.make CMakeFiles/cmTC_b9999.dir/build
make[1]: Entering directory '/mnt/c/Users/user/Documents/DIP_Python_Project/cavif/build/CMakeFiles/CMakeTmp'
Building CXX object CMakeFiles/cmTC_b9999.dir/src.cxx.o
/usr/bin/g++-8 -DCXX_FLAG_SUPPORTED  -Wimplicit-function-declaration -std=gnu++17 -o CMakeFiles/cmTC_b9999.dir/src.cxx.o -c /mnt/c/Users/user/Documents/DIP_Python_Project/cavif/build/CMakeFiles/CMakeTmp/src.cxx
cc1plus: warning: command line option '-Wimplicit-function-declaration' is valid for C/ObjC but not for C++
Linking CXX executable cmTC_b9999
/mnt/c/Users/user/Documents/DIP_Python_Project/cmake/cmake-3.20.0-rc3-linux-x86_64/bin/cmake -E cmake_link_script CMakeFiles/cmTC_b9999.dir/link.txt --verbose=1
/usr/bin/g++-8 CMakeFiles/cmTC_b9999.dir/src.cxx.o -o cmTC_b9999  -lm 
make[1]: Leaving directory '/mnt/c/Users/user/Documents/DIP_Python_Project/cavif/build/CMakeFiles/CMakeTmp'


Source file was:
int main() { return 0; }
Performing C SOURCE FILE Test C_FLAG_SUPPORTED failed with the following output:
Change Dir: /mnt/c/Users/user/Documents/DIP_Python_Project/cavif/build/CMakeFiles/CMakeTmp

Run Build Command(s):/usr/bin/make -f Makefile cmTC_c5e9a/fast && /usr/bin/make  -f CMakeFiles/cmTC_c5e9a.dir/build.make CMakeFiles/cmTC_c5e9a.dir/build
make[1]: Entering directory '/mnt/c/Users/user/Documents/DIP_Python_Project/cavif/build/CMakeFiles/CMakeTmp'
Building C object CMakeFiles/cmTC_c5e9a.dir/src.c.o
/usr/bin/gcc-8 -DC_FLAG_SUPPORTED  -Wshorten-64-to-32 -o CMakeFiles/cmTC_c5e9a.dir/src.c.o -c /mnt/c/Users/user/Documents/DIP_Python_Project/cavif/build/CMakeFiles/CMakeTmp/src.c
gcc-8: error: unrecognized command line option '-Wshorten-64-to-32'
CMakeFiles/cmTC_c5e9a.dir/build.make:77: recipe for target 'CMakeFiles/cmTC_c5e9a.dir/src.c.o' failed
make[1]: *** [CMakeFiles/cmTC_c5e9a.dir/src.c.o] Error 1
make[1]: Leaving directory '/mnt/c/Users/user/Documents/DIP_Python_Project/cavif/build/CMakeFiles/CMakeTmp'
Makefile:127: recipe for target 'cmTC_c5e9a/fast' failed
make: *** [cmTC_c5e9a/fast] Error 2


Source file was:
int main(void) { return 0; }
Performing C++ SOURCE FILE Test CXX_FLAG_SUPPORTED failed with the following output:
Change Dir: /mnt/c/Users/user/Documents/DIP_Python_Project/cavif/build/CMakeFiles/CMakeTmp

Run Build Command(s):/usr/bin/make -f Makefile cmTC_f3f85/fast && /usr/bin/make  -f CMakeFiles/cmTC_f3f85.dir/build.make CMakeFiles/cmTC_f3f85.dir/build
make[1]: Entering directory '/mnt/c/Users/user/Documents/DIP_Python_Project/cavif/build/CMakeFiles/CMakeTmp'
Building CXX object CMakeFiles/cmTC_f3f85.dir/src.cxx.o
/usr/bin/g++-8 -DCXX_FLAG_SUPPORTED  -Wshorten-64-to-32 -std=gnu++17 -o CMakeFiles/cmTC_f3f85.dir/src.cxx.o -c /mnt/c/Users/user/Documents/DIP_Python_Project/cavif/build/CMakeFiles/CMakeTmp/src.cxx
g++-8: error: unrecognized command line option '-Wshorten-64-to-32'
CMakeFiles/cmTC_f3f85.dir/build.make:77: recipe for target 'CMakeFiles/cmTC_f3f85.dir/src.cxx.o' failed
make[1]: *** [CMakeFiles/cmTC_f3f85.dir/src.cxx.o] Error 1
make[1]: Leaving directory '/mnt/c/Users/user/Documents/DIP_Python_Project/cavif/build/CMakeFiles/CMakeTmp'
Makefile:127: recipe for target 'cmTC_f3f85/fast' failed
make: *** [cmTC_f3f85/fast] Error 2


Source file was:
int main() { return 0; }
Performing C SOURCE FILE Test C_FLAG_SUPPORTED failed with the following output:
Change Dir: /mnt/c/Users/user/Documents/DIP_Python_Project/cavif/build/CMakeFiles/CMakeTmp

Run Build Command(s):/usr/bin/make -f Makefile cmTC_d2306/fast && /usr/bin/make  -f CMakeFiles/cmTC_d2306.dir/build.make CMakeFiles/cmTC_d2306.dir/build
make[1]: Entering directory '/mnt/c/Users/user/Documents/DIP_Python_Project/cavif/build/CMakeFiles/CMakeTmp'
Building C object CMakeFiles/cmTC_d2306.dir/src.c.o
/usr/bin/gcc-8 -DC_FLAG_SUPPORTED  -Wstring-conversion -o CMakeFiles/cmTC_d2306.dir/src.c.o -c /mnt/c/Users/user/Documents/DIP_Python_Project/cavif/build/CMakeFiles/CMakeTmp/src.c
gcc-8: error: unrecognized command line option '-Wstring-conversion'; did you mean '-Wint-conversion'?
CMakeFiles/cmTC_d2306.dir/build.make:77: recipe for target 'CMakeFiles/cmTC_d2306.dir/src.c.o' failed
make[1]: *** [CMakeFiles/cmTC_d2306.dir/src.c.o] Error 1
make[1]: Leaving directory '/mnt/c/Users/user/Documents/DIP_Python_Project/cavif/build/CMakeFiles/CMakeTmp'
Makefile:127: recipe for target 'cmTC_d2306/fast' failed
make: *** [cmTC_d2306/fast] Error 2


Source file was:
int main(void) { return 0; }
Performing C++ SOURCE FILE Test CXX_FLAG_SUPPORTED failed with the following output:
Change Dir: /mnt/c/Users/user/Documents/DIP_Python_Project/cavif/build/CMakeFiles/CMakeTmp

Run Build Command(s):/usr/bin/make -f Makefile cmTC_7c5ec/fast && /usr/bin/make  -f CMakeFiles/cmTC_7c5ec.dir/build.make CMakeFiles/cmTC_7c5ec.dir/build
make[1]: Entering directory '/mnt/c/Users/user/Documents/DIP_Python_Project/cavif/build/CMakeFiles/CMakeTmp'
Building CXX object CMakeFiles/cmTC_7c5ec.dir/src.cxx.o
/usr/bin/g++-8 -DCXX_FLAG_SUPPORTED  -Wstring-conversion -std=gnu++17 -o CMakeFiles/cmTC_7c5ec.dir/src.cxx.o -c /mnt/c/Users/user/Documents/DIP_Python_Project/cavif/build/CMakeFiles/CMakeTmp/src.cxx
g++-8: error: unrecognized command line option '-Wstring-conversion'; did you mean '-Wint-conversion'?
CMakeFiles/cmTC_7c5ec.dir/build.make:77: recipe for target 'CMakeFiles/cmTC_7c5ec.dir/src.cxx.o' failed
make[1]: *** [CMakeFiles/cmTC_7c5ec.dir/src.cxx.o] Error 1
make[1]: Leaving directory '/mnt/c/Users/user/Documents/DIP_Python_Project/cavif/build/CMakeFiles/CMakeTmp'
Makefile:127: recipe for target 'cmTC_7c5ec/fast' failed
make: *** [cmTC_7c5ec/fast] Error 2


Source file was:
int main() { return 0; }
